<?xml version="1.0" encoding="UTF-8"?>
<testsuites>
  <testsuite name="" tests="51" assertions="160" errors="0" warnings="0" failures="0" skipped="0" time="0.593217">
    <testsuite name="Unit" tests="51" assertions="160" errors="0" warnings="0" failures="0" skipped="0" time="0.593217">
      <testsuite name="RetrievalStatusTest" file="/home/runner/_work/Complyance-unified-bun/Complyance-unified-bun/sdk/complyance-php/tests/RetrievalStatusTest.php" tests="18" assertions="22" errors="0" warnings="0" failures="0" skipped="0" time="0.004979">
        <testcase name="testGetDocumentStatusRequiresDocumentId" class="RetrievalStatusTest" classname="RetrievalStatusTest" file="/home/runner/_work/Complyance-unified-bun/Complyance-unified-bun/sdk/complyance-php/tests/RetrievalStatusTest.php" line="29" assertions="1" time="0.003020"/>
        <testcase name="testDocumentStatusUsesLegacyEndpointWithoutQuery" class="RetrievalStatusTest" classname="RetrievalStatusTest" file="/home/runner/_work/Complyance-unified-bun/Complyance-unified-bun/sdk/complyance-php/tests/RetrievalStatusTest.php" line="35" assertions="1" time="0.000316"/>
        <testcase name="testInvoiceStatusRequiresInvoiceId" class="RetrievalStatusTest" classname="RetrievalStatusTest" file="/home/runner/_work/Complyance-unified-bun/Complyance-unified-bun/sdk/complyance-php/tests/RetrievalStatusTest.php" line="49" assertions="1" time="0.000248"/>
        <testcase name="testInvoiceStatusRequiresExplicitCountry" class="RetrievalStatusTest" classname="RetrievalStatusTest" file="/home/runner/_work/Complyance-unified-bun/Complyance-unified-bun/sdk/complyance-php/tests/RetrievalStatusTest.php" line="55" assertions="1" time="0.000100"/>
        <testcase name="testInvoiceStatusRequiresExplicitEnvironment" class="RetrievalStatusTest" classname="RetrievalStatusTest" file="/home/runner/_work/Complyance-unified-bun/Complyance-unified-bun/sdk/complyance-php/tests/RetrievalStatusTest.php" line="61" assertions="1" time="0.000049"/>
        <testcase name="testInvoiceStatusUsesRevampedEndpointAndAllExplicitInputs" class="RetrievalStatusTest" classname="RetrievalStatusTest" file="/home/runner/_work/Complyance-unified-bun/Complyance-unified-bun/sdk/complyance-php/tests/RetrievalStatusTest.php" line="67" assertions="1" time="0.000119"/>
        <testcase name="testInvoiceStatusRejectsInvalidType" class="RetrievalStatusTest" classname="RetrievalStatusTest" file="/home/runner/_work/Complyance-unified-bun/Complyance-unified-bun/sdk/complyance-php/tests/RetrievalStatusTest.php" line="87" assertions="1" time="0.000080"/>
        <testcase name="testBothRetrievalResponseShapesAreReturnedUnchanged" class="RetrievalStatusTest" classname="RetrievalStatusTest" file="/home/runner/_work/Complyance-unified-bun/Complyance-unified-bun/sdk/complyance-php/tests/RetrievalStatusTest.php" line="93" assertions="2" time="0.000056"/>
        <testcase name="testGetSubmissionStatusIsDeprecated" class="RetrievalStatusTest" classname="RetrievalStatusTest" file="/home/runner/_work/Complyance-unified-bun/Complyance-unified-bun/sdk/complyance-php/tests/RetrievalStatusTest.php" line="122" assertions="1" time="0.000047"/>
        <testcase name="testGetStatusAliasIsDeprecated" class="RetrievalStatusTest" classname="RetrievalStatusTest" file="/home/runner/_work/Complyance-unified-bun/Complyance-unified-bun/sdk/complyance-php/tests/RetrievalStatusTest.php" line="128" assertions="1" time="0.000042"/>
        <testcase name="testSubmitPayloadRequiresPayload" class="RetrievalStatusTest" classname="RetrievalStatusTest" file="/home/runner/_work/Complyance-unified-bun/Complyance-unified-bun/sdk/complyance-php/tests/RetrievalStatusTest.php" line="134" assertions="1" time="0.000102"/>
        <testcase name="testSubmitPayloadRejectsUnknownSource" class="RetrievalStatusTest" classname="RetrievalStatusTest" file="/home/runner/_work/Complyance-unified-bun/Complyance-unified-bun/sdk/complyance-php/tests/RetrievalStatusTest.php" line="145" assertions="1" time="0.000045"/>
        <testcase name="testSubmitPayloadReturnsMockedSuccessWithValidSource" class="RetrievalStatusTest" classname="RetrievalStatusTest" file="/home/runner/_work/Complyance-unified-bun/Complyance-unified-bun/sdk/complyance-php/tests/RetrievalStatusTest.php" line="156" assertions="4" time="0.000261"/>
        <testcase name="testPushToUnifyFromJsonRejectsEmptyPayload" class="RetrievalStatusTest" classname="RetrievalStatusTest" file="/home/runner/_work/Complyance-unified-bun/Complyance-unified-bun/sdk/complyance-php/tests/RetrievalStatusTest.php" line="177" assertions="1" time="0.000252"/>
        <testcase name="testPushToUnifyFromJsonRejectsMalformedPayload" class="RetrievalStatusTest" classname="RetrievalStatusTest" file="/home/runner/_work/Complyance-unified-bun/Complyance-unified-bun/sdk/complyance-php/tests/RetrievalStatusTest.php" line="192" assertions="1" time="0.000056"/>
        <testcase name="testPushToUnifyRejectsBlankSourceForInvoicingPurpose" class="RetrievalStatusTest" classname="RetrievalStatusTest" file="/home/runner/_work/Complyance-unified-bun/Complyance-unified-bun/sdk/complyance-php/tests/RetrievalStatusTest.php" line="207" assertions="1" time="0.000066"/>
        <testcase name="testVerifyWebhookSignatureAcceptsValidSignature" class="RetrievalStatusTest" classname="RetrievalStatusTest" file="/home/runner/_work/Complyance-unified-bun/Complyance-unified-bun/sdk/complyance-php/tests/RetrievalStatusTest.php" line="222" assertions="1" time="0.000073"/>
        <testcase name="testVerifyWebhookSignatureRejectsUnsupportedAlgorithm" class="RetrievalStatusTest" classname="RetrievalStatusTest" file="/home/runner/_work/Complyance-unified-bun/Complyance-unified-bun/sdk/complyance-php/tests/RetrievalStatusTest.php" line="233" assertions="1" time="0.000045"/>
      </testsuite>
      <testsuite name="UnifyV3ContractTest" file="/home/runner/_work/Complyance-unified-bun/Complyance-unified-bun/sdk/complyance-php/tests/UnifyV3ContractTest.php" tests="33" assertions="138" errors="0" warnings="0" failures="0" skipped="0" time="0.588238">
        <testcase name="testClientSendsCanonicalV3Request" class="UnifyV3ContractTest" classname="UnifyV3ContractTest" file="/home/runner/_work/Complyance-unified-bun/Complyance-unified-bun/sdk/complyance-php/tests/UnifyV3ContractTest.php" line="46" assertions="16" time="0.000391">
          <system-out>Circuit breaker state: CLOSED, failures: 0
✅ SUCCESS: Operation 'unify-request-AES' succeeded on first attempt
</system-out>
        </testcase>
        <testcase name="testMissingSelectorSendsLegacyRequestToV3Endpoint" class="UnifyV3ContractTest" classname="UnifyV3ContractTest" file="/home/runner/_work/Complyance-unified-bun/Complyance-unified-bun/sdk/complyance-php/tests/UnifyV3ContractTest.php" line="96" assertions="26" time="0.000157">
          <system-out>Circuit breaker state: CLOSED, failures: 0
✅ SUCCESS: Operation 'unify-request-AES' succeeded on first attempt
</system-out>
        </testcase>
        <testcase name="testFalseSelectorSendsLegacyRequestAndExplicitQuery" class="UnifyV3ContractTest" classname="UnifyV3ContractTest" file="/home/runner/_work/Complyance-unified-bun/Complyance-unified-bun/sdk/complyance-php/tests/UnifyV3ContractTest.php" line="152" assertions="10" time="0.000038">
          <system-out>Circuit breaker state: CLOSED, failures: 0
✅ SUCCESS: Operation 'unify-request-AES' succeeded on first attempt
</system-out>
        </testcase>
        <testcase name="testTypedLegacySerializerPreservesExplicitDestinations" class="UnifyV3ContractTest" classname="UnifyV3ContractTest" file="/home/runner/_work/Complyance-unified-bun/Complyance-unified-bun/sdk/complyance-php/tests/UnifyV3ContractTest.php" line="176" assertions="2" time="0.000013"/>
        <testsuite name="UnifyV3ContractTest::testTypedLegacySerializerRejectsMissingOrMalformedAuthoritativeFields" tests="6" assertions="6" errors="0" warnings="0" failures="0" skipped="0" time="0.000054">
          <testcase name="testTypedLegacySerializerRejectsMissingOrMalformedAuthoritativeFields with data set &quot;country is missing&quot;" class="UnifyV3ContractTest" classname="UnifyV3ContractTest" file="/home/runner/_work/Complyance-unified-bun/Complyance-unified-bun/sdk/complyance-php/tests/UnifyV3ContractTest.php" line="196" assertions="1" time="0.000016"/>
          <testcase name="testTypedLegacySerializerRejectsMissingOrMalformedAuthoritativeFields with data set &quot;environment is unsupported&quot;" class="UnifyV3ContractTest" classname="UnifyV3ContractTest" file="/home/runner/_work/Complyance-unified-bun/Complyance-unified-bun/sdk/complyance-php/tests/UnifyV3ContractTest.php" line="196" assertions="1" time="0.000008"/>
          <testcase name="testTypedLegacySerializerRejectsMissingOrMalformedAuthoritativeFields with data set &quot;source version is missing&quot;" class="UnifyV3ContractTest" classname="UnifyV3ContractTest" file="/home/runner/_work/Complyance-unified-bun/Complyance-unified-bun/sdk/complyance-php/tests/UnifyV3ContractTest.php" line="196" assertions="1" time="0.000008"/>
          <testcase name="testTypedLegacySerializerRejectsMissingOrMalformedAuthoritativeFields with data set &quot;document type base is missing&quot;" class="UnifyV3ContractTest" classname="UnifyV3ContractTest" file="/home/runner/_work/Complyance-unified-bun/Complyance-unified-bun/sdk/complyance-php/tests/UnifyV3ContractTest.php" line="196" assertions="1" time="0.000007"/>
          <testcase name="testTypedLegacySerializerRejectsMissingOrMalformedAuthoritativeFields with data set &quot;modifiers are not an array&quot;" class="UnifyV3ContractTest" classname="UnifyV3ContractTest" file="/home/runner/_work/Complyance-unified-bun/Complyance-unified-bun/sdk/complyance-php/tests/UnifyV3ContractTest.php" line="196" assertions="1" time="0.000008"/>
          <testcase name="testTypedLegacySerializerRejectsMissingOrMalformedAuthoritativeFields with data set &quot;payload is a list&quot;" class="UnifyV3ContractTest" classname="UnifyV3ContractTest" file="/home/runner/_work/Complyance-unified-bun/Complyance-unified-bun/sdk/complyance-php/tests/UnifyV3ContractTest.php" line="196" assertions="1" time="0.000008"/>
        </testsuite>
        <testcase name="testTypedLegacyValidationFailureIsProjectedToHistoricalShape" class="UnifyV3ContractTest" classname="UnifyV3ContractTest" file="/home/runner/_work/Complyance-unified-bun/Complyance-unified-bun/sdk/complyance-php/tests/UnifyV3ContractTest.php" line="230" assertions="5" time="0.000050">
          <system-out>Circuit breaker state: CLOSED, failures: 0
✅ SUCCESS: Operation 'unify-request-AES' succeeded on first attempt
</system-out>
        </testcase>
        <testcase name="testTypedLegacyTopLevelErrorIsProjectedToHistoricalShape" class="UnifyV3ContractTest" classname="UnifyV3ContractTest" file="/home/runner/_work/Complyance-unified-bun/Complyance-unified-bun/sdk/complyance-php/tests/UnifyV3ContractTest.php" line="268" assertions="1" time="0.000025">
          <system-out>Circuit breaker state: CLOSED, failures: 0
✅ SUCCESS: Operation 'unify-request-AES' succeeded on first attempt
</system-out>
        </testcase>
        <testcase name="testTypedLegacyProcessingFailureIsProjectedToHistoricalError" class="UnifyV3ContractTest" classname="UnifyV3ContractTest" file="/home/runner/_work/Complyance-unified-bun/Complyance-unified-bun/sdk/complyance-php/tests/UnifyV3ContractTest.php" line="298" assertions="4" time="0.000021">
          <system-out>Circuit breaker state: CLOSED, failures: 0
✅ SUCCESS: Operation 'unify-request-AES' succeeded on first attempt
</system-out>
        </testcase>
        <testcase name="testTypedLegacyHttpErrorExposesRawResponseBodyInException" class="UnifyV3ContractTest" classname="UnifyV3ContractTest" file="/home/runner/_work/Complyance-unified-bun/Complyance-unified-bun/sdk/complyance-php/tests/UnifyV3ContractTest.php" line="332" assertions="2" time="0.586309">
          <system-out>Circuit breaker state: CLOSED, failures: 0
First retry attempt for error: Unprocessable Entity: Request data failed validation
Circuit breaker state: CLOSED, failures: 1
</system-out>
        </testcase>
        <testcase name="testRawLegacyBatchRequestIsSentWithoutTransformation" class="UnifyV3ContractTest" classname="UnifyV3ContractTest" file="/home/runner/_work/Complyance-unified-bun/Complyance-unified-bun/sdk/complyance-php/tests/UnifyV3ContractTest.php" line="356" assertions="4" time="0.000072"/>
        <testcase name="testRawLegacyBatchPreservesExactContractAndRawResponse" class="UnifyV3ContractTest" classname="UnifyV3ContractTest" file="/home/runner/_work/Complyance-unified-bun/Complyance-unified-bun/sdk/complyance-php/tests/UnifyV3ContractTest.php" line="387" assertions="5" time="0.000038"/>
        <testcase name="testRawRevampedRequestUsesHeaderAndPreservesBody" class="UnifyV3ContractTest" classname="UnifyV3ContractTest" file="/home/runner/_work/Complyance-unified-bun/Complyance-unified-bun/sdk/complyance-php/tests/UnifyV3ContractTest.php" line="457" assertions="3" time="0.000014"/>
        <testcase name="testRevampedBulkReturnsOrderedSuccessResults" class="UnifyV3ContractTest" classname="UnifyV3ContractTest" file="/home/runner/_work/Complyance-unified-bun/Complyance-unified-bun/sdk/complyance-php/tests/UnifyV3ContractTest.php" line="479" assertions="10" time="0.000472"/>
        <testcase name="testRevampedBulkExposesValidationFailure" class="UnifyV3ContractTest" classname="UnifyV3ContractTest" file="/home/runner/_work/Complyance-unified-bun/Complyance-unified-bun/sdk/complyance-php/tests/UnifyV3ContractTest.php" line="534" assertions="5" time="0.000074"/>
        <testcase name="testRevampedBulkExposesProcessingFailure" class="UnifyV3ContractTest" classname="UnifyV3ContractTest" file="/home/runner/_work/Complyance-unified-bun/Complyance-unified-bun/sdk/complyance-php/tests/UnifyV3ContractTest.php" line="568" assertions="5" time="0.000030"/>
        <testcase name="testRevampedBulkRejectsOutOfOrderResults" class="UnifyV3ContractTest" classname="UnifyV3ContractTest" file="/home/runner/_work/Complyance-unified-bun/Complyance-unified-bun/sdk/complyance-php/tests/UnifyV3ContractTest.php" line="597" assertions="2" time="0.000079"/>
        <testcase name="testSerializerNormalizesProductionAndLegacyDocumentType" class="UnifyV3ContractTest" classname="UnifyV3ContractTest" file="/home/runner/_work/Complyance-unified-bun/Complyance-unified-bun/sdk/complyance-php/tests/UnifyV3ContractTest.php" line="619" assertions="4" time="0.000019"/>
        <testcase name="testSerializerOmitsEmptySourceForMapping" class="UnifyV3ContractTest" classname="UnifyV3ContractTest" file="/home/runner/_work/Complyance-unified-bun/Complyance-unified-bun/sdk/complyance-php/tests/UnifyV3ContractTest.php" line="644" assertions="4" time="0.000060"/>
        <testcase name="testSerializerRejectsListPayload" class="UnifyV3ContractTest" classname="UnifyV3ContractTest" file="/home/runner/_work/Complyance-unified-bun/Complyance-unified-bun/sdk/complyance-php/tests/UnifyV3ContractTest.php" line="665" assertions="1" time="0.000017"/>
        <testcase name="testLegacySendPayloadUnderstandsV3Success" class="UnifyV3ContractTest" classname="UnifyV3ContractTest" file="/home/runner/_work/Complyance-unified-bun/Complyance-unified-bun/sdk/complyance-php/tests/UnifyV3ContractTest.php" line="676" assertions="4" time="0.000099">
          <system-out>Circuit breaker state: CLOSED, failures: 0
✅ SUCCESS: Operation 'unify-request-AES' succeeded on first attempt
</system-out>
        </testcase>
        <testcase name="testLegacySendPayloadMapsSimplifiedInvoiceBase" class="UnifyV3ContractTest" classname="UnifyV3ContractTest" file="/home/runner/_work/Complyance-unified-bun/Complyance-unified-bun/sdk/complyance-php/tests/UnifyV3ContractTest.php" line="697" assertions="1" time="0.000041">
          <system-out>Circuit breaker state: CLOSED, failures: 0
✅ SUCCESS: Operation 'unify-request-AES' succeeded on first attempt
</system-out>
        </testcase>
        <testcase name="testLegacySendPayloadUnderstandsNestedBatchSuccess" class="UnifyV3ContractTest" classname="UnifyV3ContractTest" file="/home/runner/_work/Complyance-unified-bun/Complyance-unified-bun/sdk/complyance-php/tests/UnifyV3ContractTest.php" line="715" assertions="3" time="0.000030">
          <system-out>Circuit breaker state: CLOSED, failures: 0
✅ SUCCESS: Operation 'unify-request-AES' succeeded on first attempt
</system-out>
        </testcase>
        <testcase name="testLegacySendPayloadExposesNestedValidationFailure" class="UnifyV3ContractTest" classname="UnifyV3ContractTest" file="/home/runner/_work/Complyance-unified-bun/Complyance-unified-bun/sdk/complyance-php/tests/UnifyV3ContractTest.php" line="748" assertions="3" time="0.000029">
          <system-out>Circuit breaker state: CLOSED, failures: 0
✅ SUCCESS: Operation 'unify-request-AES' succeeded on first attempt
</system-out>
        </testcase>
        <testcase name="testLegacySendPayloadMapsSelfBilledModifier" class="UnifyV3ContractTest" classname="UnifyV3ContractTest" file="/home/runner/_work/Complyance-unified-bun/Complyance-unified-bun/sdk/complyance-php/tests/UnifyV3ContractTest.php" line="787" assertions="2" time="0.000033">
          <system-out>Circuit breaker state: CLOSED, failures: 0
✅ SUCCESS: Operation 'unify-request-AES' succeeded on first attempt
</system-out>
        </testcase>
        <testcase name="testLegacySendPayloadRejectsAmbiguousDocumentType" class="UnifyV3ContractTest" classname="UnifyV3ContractTest" file="/home/runner/_work/Complyance-unified-bun/Complyance-unified-bun/sdk/complyance-php/tests/UnifyV3ContractTest.php" line="806" assertions="1" time="0.000016"/>
        <testcase name="testDebugConfigurationRoundTrips" class="UnifyV3ContractTest" classname="UnifyV3ContractTest" file="/home/runner/_work/Complyance-unified-bun/Complyance-unified-bun/sdk/complyance-php/tests/UnifyV3ContractTest.php" line="822" assertions="3" time="0.000019"/>
        <testcase name="testQueueRebuildsV2DocumentTypeWithoutStringCasting" class="UnifyV3ContractTest" classname="UnifyV3ContractTest" file="/home/runner/_work/Complyance-unified-bun/Complyance-unified-bun/sdk/complyance-php/tests/UnifyV3ContractTest.php" line="839" assertions="2" time="0.000027"/>
        <testcase name="testQueueRecognizesV3SuccessResponses" class="UnifyV3ContractTest" classname="UnifyV3ContractTest" file="/home/runner/_work/Complyance-unified-bun/Complyance-unified-bun/sdk/complyance-php/tests/UnifyV3ContractTest.php" line="856" assertions="4" time="0.000011"/>
      </testsuite>
    </testsuite>
  </testsuite>
</testsuites>
