<?xml version="1.0" encoding="UTF-8"?>
<testsuites>
  <testsuite name="" tests="50" assertions="141" errors="0" warnings="0" failures="0" skipped="0" time="0.428761">
    <testsuite name="Unit" tests="50" assertions="141" errors="0" warnings="0" failures="0" skipped="0" time="0.428761">
      <testsuite name="RetrievalStatusTest" file="/home/runner/_work/Complyance-unified-bun/Complyance-unified-bun/sdk/complyance-php/tests/RetrievalStatusTest.php" tests="18" assertions="22" errors="0" warnings="0" failures="0" skipped="0" time="0.005018">
        <testcase name="testGetDocumentStatusRequiresDocumentId" class="RetrievalStatusTest" classname="RetrievalStatusTest" file="/home/runner/_work/Complyance-unified-bun/Complyance-unified-bun/sdk/complyance-php/tests/RetrievalStatusTest.php" line="29" assertions="1" time="0.003651"/>
        <testcase name="testDocumentStatusUsesLegacyEndpointWithoutQuery" class="RetrievalStatusTest" classname="RetrievalStatusTest" file="/home/runner/_work/Complyance-unified-bun/Complyance-unified-bun/sdk/complyance-php/tests/RetrievalStatusTest.php" line="35" assertions="1" time="0.000130"/>
        <testcase name="testInvoiceStatusRequiresInvoiceId" class="RetrievalStatusTest" classname="RetrievalStatusTest" file="/home/runner/_work/Complyance-unified-bun/Complyance-unified-bun/sdk/complyance-php/tests/RetrievalStatusTest.php" line="49" assertions="1" time="0.000078"/>
        <testcase name="testInvoiceStatusRequiresExplicitCountry" class="RetrievalStatusTest" classname="RetrievalStatusTest" file="/home/runner/_work/Complyance-unified-bun/Complyance-unified-bun/sdk/complyance-php/tests/RetrievalStatusTest.php" line="55" assertions="1" time="0.000045"/>
        <testcase name="testInvoiceStatusRequiresExplicitEnvironment" class="RetrievalStatusTest" classname="RetrievalStatusTest" file="/home/runner/_work/Complyance-unified-bun/Complyance-unified-bun/sdk/complyance-php/tests/RetrievalStatusTest.php" line="61" assertions="1" time="0.000042"/>
        <testcase name="testInvoiceStatusUsesRevampedEndpointAndAllExplicitInputs" class="RetrievalStatusTest" classname="RetrievalStatusTest" file="/home/runner/_work/Complyance-unified-bun/Complyance-unified-bun/sdk/complyance-php/tests/RetrievalStatusTest.php" line="67" assertions="1" time="0.000099"/>
        <testcase name="testInvoiceStatusRejectsInvalidType" class="RetrievalStatusTest" classname="RetrievalStatusTest" file="/home/runner/_work/Complyance-unified-bun/Complyance-unified-bun/sdk/complyance-php/tests/RetrievalStatusTest.php" line="87" assertions="1" time="0.000053"/>
        <testcase name="testBothRetrievalResponseShapesAreReturnedUnchanged" class="RetrievalStatusTest" classname="RetrievalStatusTest" file="/home/runner/_work/Complyance-unified-bun/Complyance-unified-bun/sdk/complyance-php/tests/RetrievalStatusTest.php" line="93" assertions="2" time="0.000048"/>
        <testcase name="testGetSubmissionStatusIsDeprecated" class="RetrievalStatusTest" classname="RetrievalStatusTest" file="/home/runner/_work/Complyance-unified-bun/Complyance-unified-bun/sdk/complyance-php/tests/RetrievalStatusTest.php" line="122" assertions="1" time="0.000041"/>
        <testcase name="testGetStatusAliasIsDeprecated" class="RetrievalStatusTest" classname="RetrievalStatusTest" file="/home/runner/_work/Complyance-unified-bun/Complyance-unified-bun/sdk/complyance-php/tests/RetrievalStatusTest.php" line="128" assertions="1" time="0.000040"/>
        <testcase name="testSubmitPayloadRequiresPayload" class="RetrievalStatusTest" classname="RetrievalStatusTest" file="/home/runner/_work/Complyance-unified-bun/Complyance-unified-bun/sdk/complyance-php/tests/RetrievalStatusTest.php" line="134" assertions="1" time="0.000092"/>
        <testcase name="testSubmitPayloadRejectsUnknownSource" class="RetrievalStatusTest" classname="RetrievalStatusTest" file="/home/runner/_work/Complyance-unified-bun/Complyance-unified-bun/sdk/complyance-php/tests/RetrievalStatusTest.php" line="145" assertions="1" time="0.000041"/>
        <testcase name="testSubmitPayloadReturnsMockedSuccessWithValidSource" class="RetrievalStatusTest" classname="RetrievalStatusTest" file="/home/runner/_work/Complyance-unified-bun/Complyance-unified-bun/sdk/complyance-php/tests/RetrievalStatusTest.php" line="156" assertions="4" time="0.000217"/>
        <testcase name="testPushToUnifyFromJsonRejectsEmptyPayload" class="RetrievalStatusTest" classname="RetrievalStatusTest" file="/home/runner/_work/Complyance-unified-bun/Complyance-unified-bun/sdk/complyance-php/tests/RetrievalStatusTest.php" line="177" assertions="1" time="0.000221"/>
        <testcase name="testPushToUnifyFromJsonRejectsMalformedPayload" class="RetrievalStatusTest" classname="RetrievalStatusTest" file="/home/runner/_work/Complyance-unified-bun/Complyance-unified-bun/sdk/complyance-php/tests/RetrievalStatusTest.php" line="192" assertions="1" time="0.000048"/>
        <testcase name="testPushToUnifyRejectsBlankSourceForInvoicingPurpose" class="RetrievalStatusTest" classname="RetrievalStatusTest" file="/home/runner/_work/Complyance-unified-bun/Complyance-unified-bun/sdk/complyance-php/tests/RetrievalStatusTest.php" line="207" assertions="1" time="0.000064"/>
        <testcase name="testVerifyWebhookSignatureAcceptsValidSignature" class="RetrievalStatusTest" classname="RetrievalStatusTest" file="/home/runner/_work/Complyance-unified-bun/Complyance-unified-bun/sdk/complyance-php/tests/RetrievalStatusTest.php" line="222" assertions="1" time="0.000066"/>
        <testcase name="testVerifyWebhookSignatureRejectsUnsupportedAlgorithm" class="RetrievalStatusTest" classname="RetrievalStatusTest" file="/home/runner/_work/Complyance-unified-bun/Complyance-unified-bun/sdk/complyance-php/tests/RetrievalStatusTest.php" line="233" assertions="1" time="0.000041"/>
      </testsuite>
      <testsuite name="UnifyV3ContractTest" file="/home/runner/_work/Complyance-unified-bun/Complyance-unified-bun/sdk/complyance-php/tests/UnifyV3ContractTest.php" tests="32" assertions="119" errors="0" warnings="0" failures="0" skipped="0" time="0.423744">
        <testcase name="testClientSendsCanonicalV3Request" class="UnifyV3ContractTest" classname="UnifyV3ContractTest" file="/home/runner/_work/Complyance-unified-bun/Complyance-unified-bun/sdk/complyance-php/tests/UnifyV3ContractTest.php" line="46" assertions="16" time="0.000411">
          <system-out>Circuit breaker state: CLOSED, failures: 0
✅ SUCCESS: Operation 'unify-request-AES' succeeded on first attempt
</system-out>
        </testcase>
        <testcase name="testMissingSelectorSendsLegacyRequestToV3Endpoint" class="UnifyV3ContractTest" classname="UnifyV3ContractTest" file="/home/runner/_work/Complyance-unified-bun/Complyance-unified-bun/sdk/complyance-php/tests/UnifyV3ContractTest.php" line="95" assertions="17" time="0.000136">
          <system-out>Circuit breaker state: CLOSED, failures: 0
✅ SUCCESS: Operation 'unify-request-AES' succeeded on first attempt
</system-out>
        </testcase>
        <testcase name="testFalseSelectorSendsLegacyRequestAndExplicitQuery" class="UnifyV3ContractTest" classname="UnifyV3ContractTest" file="/home/runner/_work/Complyance-unified-bun/Complyance-unified-bun/sdk/complyance-php/tests/UnifyV3ContractTest.php" line="131" assertions="8" time="0.000024">
          <system-out>Circuit breaker state: CLOSED, failures: 0
✅ SUCCESS: Operation 'unify-request-AES' succeeded on first attempt
</system-out>
        </testcase>
        <testcase name="testTypedLegacySerializerPreservesExplicitDestinations" class="UnifyV3ContractTest" classname="UnifyV3ContractTest" file="/home/runner/_work/Complyance-unified-bun/Complyance-unified-bun/sdk/complyance-php/tests/UnifyV3ContractTest.php" line="153" assertions="2" time="0.000011"/>
        <testsuite name="UnifyV3ContractTest::testTypedLegacySerializerRejectsMissingOrMalformedAuthoritativeFields" tests="6" assertions="6" errors="0" warnings="0" failures="0" skipped="0" time="0.000050">
          <testcase name="testTypedLegacySerializerRejectsMissingOrMalformedAuthoritativeFields with data set &quot;country is missing&quot;" class="UnifyV3ContractTest" classname="UnifyV3ContractTest" file="/home/runner/_work/Complyance-unified-bun/Complyance-unified-bun/sdk/complyance-php/tests/UnifyV3ContractTest.php" line="173" assertions="1" time="0.000015"/>
          <testcase name="testTypedLegacySerializerRejectsMissingOrMalformedAuthoritativeFields with data set &quot;environment is unsupported&quot;" class="UnifyV3ContractTest" classname="UnifyV3ContractTest" file="/home/runner/_work/Complyance-unified-bun/Complyance-unified-bun/sdk/complyance-php/tests/UnifyV3ContractTest.php" line="173" assertions="1" time="0.000008"/>
          <testcase name="testTypedLegacySerializerRejectsMissingOrMalformedAuthoritativeFields with data set &quot;source version is missing&quot;" class="UnifyV3ContractTest" classname="UnifyV3ContractTest" file="/home/runner/_work/Complyance-unified-bun/Complyance-unified-bun/sdk/complyance-php/tests/UnifyV3ContractTest.php" line="173" assertions="1" time="0.000007"/>
          <testcase name="testTypedLegacySerializerRejectsMissingOrMalformedAuthoritativeFields with data set &quot;document type base is missing&quot;" class="UnifyV3ContractTest" classname="UnifyV3ContractTest" file="/home/runner/_work/Complyance-unified-bun/Complyance-unified-bun/sdk/complyance-php/tests/UnifyV3ContractTest.php" line="173" assertions="1" time="0.000007"/>
          <testcase name="testTypedLegacySerializerRejectsMissingOrMalformedAuthoritativeFields with data set &quot;modifiers are not an array&quot;" class="UnifyV3ContractTest" classname="UnifyV3ContractTest" file="/home/runner/_work/Complyance-unified-bun/Complyance-unified-bun/sdk/complyance-php/tests/UnifyV3ContractTest.php" line="173" assertions="1" time="0.000006"/>
          <testcase name="testTypedLegacySerializerRejectsMissingOrMalformedAuthoritativeFields with data set &quot;payload is a list&quot;" class="UnifyV3ContractTest" classname="UnifyV3ContractTest" file="/home/runner/_work/Complyance-unified-bun/Complyance-unified-bun/sdk/complyance-php/tests/UnifyV3ContractTest.php" line="173" assertions="1" time="0.000007"/>
        </testsuite>
        <testcase name="testTypedLegacyValidationFailureResponseRemainsRawAndObservable" class="UnifyV3ContractTest" classname="UnifyV3ContractTest" file="/home/runner/_work/Complyance-unified-bun/Complyance-unified-bun/sdk/complyance-php/tests/UnifyV3ContractTest.php" line="207" assertions="1" time="0.000018">
          <system-out>Circuit breaker state: CLOSED, failures: 0
✅ SUCCESS: Operation 'unify-request-AES' succeeded on first attempt
</system-out>
        </testcase>
        <testcase name="testTypedLegacyTopLevelErrorResponseRemainsRawAndObservable" class="UnifyV3ContractTest" classname="UnifyV3ContractTest" file="/home/runner/_work/Complyance-unified-bun/Complyance-unified-bun/sdk/complyance-php/tests/UnifyV3ContractTest.php" line="236" assertions="1" time="0.000014">
          <system-out>Circuit breaker state: CLOSED, failures: 0
✅ SUCCESS: Operation 'unify-request-AES' succeeded on first attempt
</system-out>
        </testcase>
        <testcase name="testTypedLegacyHttpErrorExposesRawResponseBodyInException" class="UnifyV3ContractTest" classname="UnifyV3ContractTest" file="/home/runner/_work/Complyance-unified-bun/Complyance-unified-bun/sdk/complyance-php/tests/UnifyV3ContractTest.php" line="259" assertions="2" time="0.421584">
          <system-out>Circuit breaker state: CLOSED, failures: 0
First retry attempt for error: Unprocessable Entity: Request data failed validation
Circuit breaker state: CLOSED, failures: 1
</system-out>
        </testcase>
        <testcase name="testRawLegacyBatchRequestIsSentWithoutTransformation" class="UnifyV3ContractTest" classname="UnifyV3ContractTest" file="/home/runner/_work/Complyance-unified-bun/Complyance-unified-bun/sdk/complyance-php/tests/UnifyV3ContractTest.php" line="283" assertions="4" time="0.000122"/>
        <testcase name="testRawLegacyBatchPreservesExactContractAndRawResponse" class="UnifyV3ContractTest" classname="UnifyV3ContractTest" file="/home/runner/_work/Complyance-unified-bun/Complyance-unified-bun/sdk/complyance-php/tests/UnifyV3ContractTest.php" line="314" assertions="5" time="0.000041"/>
        <testcase name="testRawRevampedRequestUsesHeaderAndPreservesBody" class="UnifyV3ContractTest" classname="UnifyV3ContractTest" file="/home/runner/_work/Complyance-unified-bun/Complyance-unified-bun/sdk/complyance-php/tests/UnifyV3ContractTest.php" line="384" assertions="3" time="0.000014"/>
        <testcase name="testRevampedBulkReturnsOrderedSuccessResults" class="UnifyV3ContractTest" classname="UnifyV3ContractTest" file="/home/runner/_work/Complyance-unified-bun/Complyance-unified-bun/sdk/complyance-php/tests/UnifyV3ContractTest.php" line="406" assertions="10" time="0.000626"/>
        <testcase name="testRevampedBulkExposesValidationFailure" class="UnifyV3ContractTest" classname="UnifyV3ContractTest" file="/home/runner/_work/Complyance-unified-bun/Complyance-unified-bun/sdk/complyance-php/tests/UnifyV3ContractTest.php" line="461" assertions="5" time="0.000145"/>
        <testcase name="testRevampedBulkExposesProcessingFailure" class="UnifyV3ContractTest" classname="UnifyV3ContractTest" file="/home/runner/_work/Complyance-unified-bun/Complyance-unified-bun/sdk/complyance-php/tests/UnifyV3ContractTest.php" line="495" assertions="5" time="0.000030"/>
        <testcase name="testRevampedBulkRejectsOutOfOrderResults" class="UnifyV3ContractTest" classname="UnifyV3ContractTest" file="/home/runner/_work/Complyance-unified-bun/Complyance-unified-bun/sdk/complyance-php/tests/UnifyV3ContractTest.php" line="524" assertions="2" time="0.000113"/>
        <testcase name="testSerializerNormalizesProductionAndLegacyDocumentType" class="UnifyV3ContractTest" classname="UnifyV3ContractTest" file="/home/runner/_work/Complyance-unified-bun/Complyance-unified-bun/sdk/complyance-php/tests/UnifyV3ContractTest.php" line="546" assertions="4" time="0.000017"/>
        <testcase name="testSerializerOmitsEmptySourceForMapping" class="UnifyV3ContractTest" classname="UnifyV3ContractTest" file="/home/runner/_work/Complyance-unified-bun/Complyance-unified-bun/sdk/complyance-php/tests/UnifyV3ContractTest.php" line="571" assertions="4" time="0.000084"/>
        <testcase name="testSerializerRejectsListPayload" class="UnifyV3ContractTest" classname="UnifyV3ContractTest" file="/home/runner/_work/Complyance-unified-bun/Complyance-unified-bun/sdk/complyance-php/tests/UnifyV3ContractTest.php" line="592" assertions="1" time="0.000015"/>
        <testcase name="testLegacySendPayloadUnderstandsV3Success" class="UnifyV3ContractTest" classname="UnifyV3ContractTest" file="/home/runner/_work/Complyance-unified-bun/Complyance-unified-bun/sdk/complyance-php/tests/UnifyV3ContractTest.php" line="603" assertions="4" time="0.000100">
          <system-out>Circuit breaker state: CLOSED, failures: 0
✅ SUCCESS: Operation 'unify-request-AES' succeeded on first attempt
</system-out>
        </testcase>
        <testcase name="testLegacySendPayloadMapsSimplifiedInvoiceBase" class="UnifyV3ContractTest" classname="UnifyV3ContractTest" file="/home/runner/_work/Complyance-unified-bun/Complyance-unified-bun/sdk/complyance-php/tests/UnifyV3ContractTest.php" line="624" assertions="1" time="0.000026">
          <system-out>Circuit breaker state: CLOSED, failures: 0
✅ SUCCESS: Operation 'unify-request-AES' succeeded on first attempt
</system-out>
        </testcase>
        <testcase name="testLegacySendPayloadUnderstandsNestedBatchSuccess" class="UnifyV3ContractTest" classname="UnifyV3ContractTest" file="/home/runner/_work/Complyance-unified-bun/Complyance-unified-bun/sdk/complyance-php/tests/UnifyV3ContractTest.php" line="642" assertions="3" time="0.000024">
          <system-out>Circuit breaker state: CLOSED, failures: 0
✅ SUCCESS: Operation 'unify-request-AES' succeeded on first attempt
</system-out>
        </testcase>
        <testcase name="testLegacySendPayloadExposesNestedValidationFailure" class="UnifyV3ContractTest" classname="UnifyV3ContractTest" file="/home/runner/_work/Complyance-unified-bun/Complyance-unified-bun/sdk/complyance-php/tests/UnifyV3ContractTest.php" line="675" assertions="3" time="0.000022">
          <system-out>Circuit breaker state: CLOSED, failures: 0
✅ SUCCESS: Operation 'unify-request-AES' succeeded on first attempt
</system-out>
        </testcase>
        <testcase name="testLegacySendPayloadMapsSelfBilledModifier" class="UnifyV3ContractTest" classname="UnifyV3ContractTest" file="/home/runner/_work/Complyance-unified-bun/Complyance-unified-bun/sdk/complyance-php/tests/UnifyV3ContractTest.php" line="714" assertions="2" time="0.000025">
          <system-out>Circuit breaker state: CLOSED, failures: 0
✅ SUCCESS: Operation 'unify-request-AES' succeeded on first attempt
</system-out>
        </testcase>
        <testcase name="testLegacySendPayloadRejectsAmbiguousDocumentType" class="UnifyV3ContractTest" classname="UnifyV3ContractTest" file="/home/runner/_work/Complyance-unified-bun/Complyance-unified-bun/sdk/complyance-php/tests/UnifyV3ContractTest.php" line="733" assertions="1" time="0.000015"/>
        <testcase name="testDebugConfigurationRoundTrips" class="UnifyV3ContractTest" classname="UnifyV3ContractTest" file="/home/runner/_work/Complyance-unified-bun/Complyance-unified-bun/sdk/complyance-php/tests/UnifyV3ContractTest.php" line="749" assertions="3" time="0.000031"/>
        <testcase name="testQueueRebuildsV2DocumentTypeWithoutStringCasting" class="UnifyV3ContractTest" classname="UnifyV3ContractTest" file="/home/runner/_work/Complyance-unified-bun/Complyance-unified-bun/sdk/complyance-php/tests/UnifyV3ContractTest.php" line="766" assertions="2" time="0.000035"/>
        <testcase name="testQueueRecognizesV3SuccessResponses" class="UnifyV3ContractTest" classname="UnifyV3ContractTest" file="/home/runner/_work/Complyance-unified-bun/Complyance-unified-bun/sdk/complyance-php/tests/UnifyV3ContractTest.php" line="783" assertions="4" time="0.000011"/>
      </testsuite>
    </testsuite>
  </testsuite>
</testsuites>
